<?xml version="1.0" encoding="UTF-8"?>
<testng-results skipped="0" failed="0" ignored="0" total="1" passed="1">
  <reporter-output>
  </reporter-output>
  <suite name="Default suite" duration-ms="7006" started-at="2017-02-21T13:49:58Z" finished-at="2017-02-21T13:50:05Z">
    <groups>
    </groups>
    <test name="Default test" duration-ms="7006" started-at="2017-02-21T13:49:58Z" finished-at="2017-02-21T13:50:05Z">
      <class name="pl.swa.maintests.NewTest4">
        <test-method status="PASS" signature="beforeTest()[pri:0, instance:pl.swa.maintests.NewTest4@6093dd95]" name="beforeTest" is-config="true" duration-ms="2731" started-at="2017-02-21T14:49:58Z" finished-at="2017-02-21T14:50:01Z">
          <reporter-output>
          </reporter-output>
        </test-method> <!-- beforeTest -->
        <test-method status="PASS" signature="f()[pri:0, instance:pl.swa.maintests.NewTest4@6093dd95]" name="f" duration-ms="3362" started-at="2017-02-21T14:50:01Z" finished-at="2017-02-21T14:50:04Z">
          <reporter-output>
          </reporter-output>
        </test-method> <!-- f -->
        <test-method status="PASS" signature="afterTest()[pri:0, instance:pl.swa.maintests.NewTest4@6093dd95]" name="afterTest" is-config="true" duration-ms="900" started-at="2017-02-21T14:50:04Z" finished-at="2017-02-21T14:50:05Z">
          <reporter-output>
          </reporter-output>
        </test-method> <!-- afterTest -->
      </class> <!-- pl.swa.maintests.NewTest4 -->
    </test> <!-- Default test -->
  </suite> <!-- Default suite -->
</testng-results>
